<?xml version="1.0" encoding="UTF-8"?>
<testng-results skipped="0" failed="1" ignored="0" total="1" passed="0">
  <reporter-output>
  </reporter-output>
  <suite name="Default suite" duration-ms="7555" started-at="2017-08-16T15:04:32Z" finished-at="2017-08-16T15:04:39Z">
    <groups>
    </groups>
    <test name="Default test" duration-ms="7555" started-at="2017-08-16T15:04:32Z" finished-at="2017-08-16T15:04:39Z">
      <class name="com.mycompany.framework.com.mycompany.framework.NewTest">
        <test-method status="PASS" signature="beforeSuite()[pri:0, instance:com.mycompany.framework.com.mycompany.framework.NewTest@192b07fd]" name="beforeSuite" is-config="true" duration-ms="19" started-at="2017-08-16T18:04:32Z" finished-at="2017-08-16T18:04:32Z">
          <reporter-output>
          </reporter-output>
        </test-method> <!-- beforeSuite -->
        <test-method status="PASS" signature="beforeTest()[pri:0, instance:com.mycompany.framework.com.mycompany.framework.NewTest@192b07fd]" name="beforeTest" is-config="true" duration-ms="0" started-at="2017-08-16T18:04:32Z" finished-at="2017-08-16T18:04:32Z">
          <reporter-output>
          </reporter-output>
        </test-method> <!-- beforeTest -->
        <test-method status="PASS" signature="beforeClass()[pri:0, instance:com.mycompany.framework.com.mycompany.framework.NewTest@192b07fd]" name="beforeClass" is-config="true" duration-ms="1" started-at="2017-08-16T18:04:32Z" finished-at="2017-08-16T18:04:32Z">
          <reporter-output>
          </reporter-output>
        </test-method> <!-- beforeClass -->
        <test-method status="PASS" signature="beforeMethod()[pri:0, instance:com.mycompany.framework.com.mycompany.framework.NewTest@192b07fd]" name="beforeMethod" is-config="true" duration-ms="0" started-at="2017-08-16T18:04:32Z" finished-at="2017-08-16T18:04:32Z">
          <reporter-output>
          </reporter-output>
        </test-method> <!-- beforeMethod -->
        <test-method status="FAIL" signature="f(java.lang.Integer, java.lang.String)[pri:0, instance:com.mycompany.framework.com.mycompany.framework.NewTest@192b07fd]" name="f" duration-ms="7449" started-at="2017-08-16T18:04:32Z" data-provider="dp" finished-at="2017-08-16T18:04:39Z">
          <params>
            <param index="0">
              <value>
                <![CDATA[1]]>
              </value>
            </param>
            <param index="1">
              <value>
                <![CDATA[a]]>
              </value>
            </param>
          </params>
          <exception class="org.openqa.selenium.WebDriverException">
            <message>
              <![CDATA[Failed to find width field
Build info: version: '3.4.0', revision: 'unknown', time: 'unknown'
System info: host: 'OWNER-PC', ip: '192.168.1.12', os.name: 'Windows 7', os.arch: 'amd64', os.version: '6.1', java.version: '1.8.0_144'
Driver info: org.openqa.selenium.firefox.FirefoxDriver
Capabilities [{moz:profile=C:\Users\Owner\AppData\Local\Temp\rust_mozprofile.nQNbcV7Dzvi6, rotatable=false, timeouts={implicit=0.0, pageLoad=300000.0, script=30000.0}, pageLoadStrategy=normal, platform=ANY, specificationLevel=0.0, moz:accessibilityChecks=false, acceptInsecureCerts=true, browserVersion=54.0.1, platformVersion=6.1, moz:processID=4860.0, browserName=firefox, javascriptEnabled=true, platformName=windows_nt}]
Session ID: a922b3f5-c53d-4ef0-b9ae-6bbdac6da319]]>
            </message>
            <full-stacktrace>
              <![CDATA[org.openqa.selenium.WebDriverException: Failed to find width field
Build info: version: '3.4.0', revision: 'unknown', time: 'unknown'
System info: host: 'OWNER-PC', ip: '192.168.1.12', os.name: 'Windows 7', os.arch: 'amd64', os.version: '6.1', java.version: '1.8.0_144'
Driver info: org.openqa.selenium.firefox.FirefoxDriver
Capabilities [{moz:profile=C:\Users\Owner\AppData\Local\Temp\rust_mozprofile.nQNbcV7Dzvi6, rotatable=false, timeouts={implicit=0.0, pageLoad=300000.0, script=30000.0}, pageLoadStrategy=normal, platform=ANY, specificationLevel=0.0, moz:accessibilityChecks=false, acceptInsecureCerts=true, browserVersion=54.0.1, platformVersion=6.1, moz:processID=4860.0, browserName=firefox, javascriptEnabled=true, platformName=windows_nt}]
Session ID: a922b3f5-c53d-4ef0-b9ae-6bbdac6da319
	at sun.reflect.NativeConstructorAccessorImpl.newInstance0(Native Method)
	at sun.reflect.NativeConstructorAccessorImpl.newInstance(NativeConstructorAccessorImpl.java:62)
	at sun.reflect.DelegatingConstructorAccessorImpl.newInstance(DelegatingConstructorAccessorImpl.java:45)
	at java.lang.reflect.Constructor.newInstance(Constructor.java:423)
	at org.openqa.selenium.remote.http.W3CHttpResponseCodec.createException(W3CHttpResponseCodec.java:150)
	at org.openqa.selenium.remote.http.W3CHttpResponseCodec.decode(W3CHttpResponseCodec.java:115)
	at org.openqa.selenium.remote.http.W3CHttpResponseCodec.decode(W3CHttpResponseCodec.java:45)
	at org.openqa.selenium.remote.HttpCommandExecutor.execute(HttpCommandExecutor.java:164)
	at org.openqa.selenium.remote.service.DriverCommandExecutor.execute(DriverCommandExecutor.java:82)
	at org.openqa.selenium.remote.RemoteWebDriver.execute(RemoteWebDriver.java:637)
	at org.openqa.selenium.remote.RemoteWebDriver.execute(RemoteWebDriver.java:694)
	at org.openqa.selenium.remote.RemoteWebDriver$RemoteWebDriverOptions$RemoteWindow.maximize(RemoteWebDriver.java:925)
	at com.mycompany.framework.com.mycompany.framework.NewTest.f(NewTest.java:30)
	at sun.reflect.NativeMethodAccessorImpl.invoke0(Native Method)
	at sun.reflect.NativeMethodAccessorImpl.invoke(NativeMethodAccessorImpl.java:62)
	at sun.reflect.DelegatingMethodAccessorImpl.invoke(DelegatingMethodAccessorImpl.java:43)
	at java.lang.reflect.Method.invoke(Method.java:498)
	at org.testng.internal.MethodInvocationHelper.invokeMethod(MethodInvocationHelper.java:108)
	at org.testng.internal.Invoker.invokeMethod(Invoker.java:661)
	at org.testng.internal.Invoker.invokeTestMethod(Invoker.java:869)
	at org.testng.internal.Invoker.invokeTestMethods(Invoker.java:1193)
	at org.testng.internal.TestMethodWorker.invokeTestMethods(TestMethodWorker.java:126)
	at org.testng.internal.TestMethodWorker.run(TestMethodWorker.java:109)
	at org.testng.TestRunner.privateRun(TestRunner.java:744)
	at org.testng.TestRunner.run(TestRunner.java:602)
	at org.testng.SuiteRunner.runTest(SuiteRunner.java:380)
	at org.testng.SuiteRunner.runSequentially(SuiteRunner.java:375)
	at org.testng.SuiteRunner.privateRun(SuiteRunner.java:340)
	at org.testng.SuiteRunner.run(SuiteRunner.java:289)
	at org.testng.SuiteRunnerWorker.runSuite(SuiteRunnerWorker.java:52)
	at org.testng.SuiteRunnerWorker.run(SuiteRunnerWorker.java:86)
	at org.testng.TestNG.runSuitesSequentially(TestNG.java:1301)
	at org.testng.TestNG.runSuitesLocally(TestNG.java:1226)
	at org.testng.TestNG.runSuites(TestNG.java:1144)
	at org.testng.TestNG.run(TestNG.java:1115)
	at org.testng.remote.AbstractRemoteTestNG.run(AbstractRemoteTestNG.java:132)
	at org.testng.remote.RemoteTestNG.initAndRun(RemoteTestNG.java:230)
	at org.testng.remote.RemoteTestNG.main(RemoteTestNG.java:76)
]]>
            </full-stacktrace>
          </exception> <!-- org.openqa.selenium.WebDriverException -->
          <reporter-output>
          </reporter-output>
        </test-method> <!-- f -->
        <test-method status="PASS" signature="afterMethod()[pri:0, instance:com.mycompany.framework.com.mycompany.framework.NewTest@192b07fd]" name="afterMethod" is-config="true" duration-ms="1" started-at="2017-08-16T18:04:39Z" finished-at="2017-08-16T18:04:39Z">
          <reporter-output>
          </reporter-output>
        </test-method> <!-- afterMethod -->
        <test-method status="PASS" signature="afterClass()[pri:0, instance:com.mycompany.framework.com.mycompany.framework.NewTest@192b07fd]" name="afterClass" is-config="true" duration-ms="0" started-at="2017-08-16T18:04:39Z" finished-at="2017-08-16T18:04:39Z">
          <reporter-output>
          </reporter-output>
        </test-method> <!-- afterClass -->
        <test-method status="PASS" signature="afterTest()[pri:0, instance:com.mycompany.framework.com.mycompany.framework.NewTest@192b07fd]" name="afterTest" is-config="true" duration-ms="0" started-at="2017-08-16T18:04:39Z" finished-at="2017-08-16T18:04:39Z">
          <reporter-output>
          </reporter-output>
        </test-method> <!-- afterTest -->
        <test-method status="PASS" signature="afterSuite()[pri:0, instance:com.mycompany.framework.com.mycompany.framework.NewTest@192b07fd]" name="afterSuite" is-config="true" duration-ms="1" started-at="2017-08-16T18:04:40Z" finished-at="2017-08-16T18:04:40Z">
          <reporter-output>
          </reporter-output>
        </test-method> <!-- afterSuite -->
      </class> <!-- com.mycompany.framework.com.mycompany.framework.NewTest -->
    </test> <!-- Default test -->
  </suite> <!-- Default suite -->
</testng-results>
