<?xml version="1.0" encoding="UTF-8"?>
<testng-results skipped="0" failed="0" total="1" passed="1">
  <reporter-output>
  </reporter-output>
  <suite name="Default suite" duration-ms="13611" started-at="2017-08-15T20:58:31Z" finished-at="2017-08-15T20:58:44Z">
    <groups>
    </groups>
    <test name="Default test" duration-ms="13611" started-at="2017-08-15T20:58:31Z" finished-at="2017-08-15T20:58:44Z">
      <class name="com.mycompany.framework.com.mycompany.framework.NewTest">
        <test-method status="PASS" signature="beforeSuite()[pri:0, instance:com.mycompany.framework.com.mycompany.framework.NewTest@1ed4004b]" name="beforeSuite" is-config="true" duration-ms="13" started-at="2017-08-15T23:58:31Z" finished-at="2017-08-15T23:58:31Z">
          <reporter-output>
          </reporter-output>
        </test-method> <!-- beforeSuite -->
        <test-method status="PASS" signature="beforeTest()[pri:0, instance:com.mycompany.framework.com.mycompany.framework.NewTest@1ed4004b]" name="beforeTest" is-config="true" duration-ms="0" started-at="2017-08-15T23:58:31Z" finished-at="2017-08-15T23:58:31Z">
          <reporter-output>
          </reporter-output>
        </test-method> <!-- beforeTest -->
        <test-method status="PASS" signature="beforeClass()[pri:0, instance:com.mycompany.framework.com.mycompany.framework.NewTest@1ed4004b]" name="beforeClass" is-config="true" duration-ms="0" started-at="2017-08-15T23:58:31Z" finished-at="2017-08-15T23:58:31Z">
          <reporter-output>
          </reporter-output>
        </test-method> <!-- beforeClass -->
        <test-method status="PASS" signature="f(java.lang.Integer, java.lang.String)[pri:0, instance:com.mycompany.framework.com.mycompany.framework.NewTest@1ed4004b]" name="f" duration-ms="13591" started-at="2017-08-15T23:58:31Z" data-provider="dp" finished-at="2017-08-15T23:58:44Z">
          <params>
            <param index="0">
              <value>
                <![CDATA[1]]>
              </value>
            </param>
            <param index="1">
              <value>
                <![CDATA[a]]>
              </value>
            </param>
          </params>
          <reporter-output>
          </reporter-output>
        </test-method> <!-- f -->
        <test-method status="PASS" signature="beforeMethod()[pri:0, instance:com.mycompany.framework.com.mycompany.framework.NewTest@1ed4004b]" name="beforeMethod" is-config="true" duration-ms="0" started-at="2017-08-15T23:58:31Z" finished-at="2017-08-15T23:58:31Z">
          <reporter-output>
          </reporter-output>
        </test-method> <!-- beforeMethod -->
        <test-method status="PASS" signature="afterClass()[pri:0, instance:com.mycompany.framework.com.mycompany.framework.NewTest@1ed4004b]" name="afterClass" is-config="true" duration-ms="0" started-at="2017-08-15T23:58:44Z" finished-at="2017-08-15T23:58:44Z">
          <reporter-output>
          </reporter-output>
        </test-method> <!-- afterClass -->
        <test-method status="PASS" signature="afterMethod()[pri:0, instance:com.mycompany.framework.com.mycompany.framework.NewTest@1ed4004b]" name="afterMethod" is-config="true" duration-ms="0" started-at="2017-08-15T23:58:44Z" finished-at="2017-08-15T23:58:44Z">
          <reporter-output>
          </reporter-output>
        </test-method> <!-- afterMethod -->
        <test-method status="PASS" signature="afterTest()[pri:0, instance:com.mycompany.framework.com.mycompany.framework.NewTest@1ed4004b]" name="afterTest" is-config="true" duration-ms="0" started-at="2017-08-15T23:58:44Z" finished-at="2017-08-15T23:58:44Z">
          <reporter-output>
          </reporter-output>
        </test-method> <!-- afterTest -->
        <test-method status="PASS" signature="afterSuite()[pri:0, instance:com.mycompany.framework.com.mycompany.framework.NewTest@1ed4004b]" name="afterSuite" is-config="true" duration-ms="1" started-at="2017-08-15T23:58:44Z" finished-at="2017-08-15T23:58:44Z">
          <reporter-output>
          </reporter-output>
        </test-method> <!-- afterSuite -->
      </class> <!-- com.mycompany.framework.com.mycompany.framework.NewTest -->
    </test> <!-- Default test -->
  </suite> <!-- Default suite -->
</testng-results>
